<?xml version="1.0" encoding="UTF-8"?>
<testsuite xmlns:xsi="http://www.w3.org/2001/XMLSchema-instance" xsi:noNamespaceSchemaLocation="https://maven.apache.org/surefire/maven-surefire-plugin/xsd/surefire-test-report.xsd" name="model.UsageRecordTest" time="0.251" tests="11" errors="0" skipped="0" failures="0">
  <properties>
[...]
</properties>
  <testcase name="shouldCreateValidRecord" classname="model.UsageRecordTest" time="0.112"/>
  <testcase name="shouldAcceptZeroUsage" classname="model.UsageRecordTest" time="0"/>
  <testcase name="shouldRejectNullOrEmptyNumbers{String}[1]" classname="model.UsageRecordTest" time="0.032"/>
  <testcase name="shouldRejectNullOrEmptyNumbers{String}[2]" classname="model.UsageRecordTest" time="0"/>
  <testcase name="shouldAcceptValidMobileNumbers{String}[1]" classname="model.UsageRecordTest" time="0"/>
  <testcase name="shouldAcceptValidMobileNumbers{String}[2]" classname="model.UsageRecordTest" time="0"/>
  <testcase name="shouldAcceptValidMobileNumbers{String}[3]" classname="model.UsageRecordTest" time="0"/>
  <testcase name="shouldHandleRoamingFlag" classname="model.UsageRecordTest" time="0"/>
  <testcase name="shouldRejectNegativeUsage{int, int}[1]" classname="model.UsageRecordTest" time="0"/>
  <testcase name="shouldRejectNegativeUsage{int, int}[2]" classname="model.UsageRecordTest" time="0"/>
  <testcase name="shouldRejectNegativeUsage{int, int}[3]" classname="model.UsageRecordTest" time="0"/>
</testsuite>